This is pdfTeX, Version 3.14159265-2.6-1.40.21 (MiKTeX 2.9.7300 64-bit) (preloaded format=pdflatex 2020.2.28)  6 MAR 2020 15:24
entering extended mode
**c:/Users/shaun/Desktop/Github/PiNerf/pinerf/docs/sources.tex
(c:/Users/shaun/Desktop/Github/PiNerf/pinerf/docs/sources.tex
LaTeX2e <2020-02-02> patch level 2
L3 programming layer <2020-02-14> ("C:\Users\shaun\AppData\Local\Programs\MiKTeX 2.9\tex/latex/l3backend\l3backend-pdfmode.def"
File: l3backend-pdfmode.def 2020-02-03 L3 backend support: PDF mode
\l__kernel_color_stack_int=\count167
\l__pdf_internal_box=\box45
) (c:\Users\shaun\Desktop\Github\PiNerf\pinerf\docs\./build/sources.aux)
\openout1 = `sources.aux'.

LaTeX Font Info:    Checking defaults for OML/cmm/m/it on input line 1.
LaTeX Font Info:    ... okay on input line 1.
LaTeX Font Info:    Checking defaults for OMS/cmsy/m/n on input line 1.
LaTeX Font Info:    ... okay on input line 1.
LaTeX Font Info:    Checking defaults for OT1/cmr/m/n on input line 1.
LaTeX Font Info:    ... okay on input line 1.
LaTeX Font Info:    Checking defaults for T1/cmr/m/n on input line 1.
LaTeX Font Info:    ... okay on input line 1.
LaTeX Font Info:    Checking defaults for TS1/cmr/m/n on input line 1.
LaTeX Font Info:    ... okay on input line 1.
LaTeX Font Info:    Checking defaults for OMX/cmex/m/n on input line 1.
LaTeX Font Info:    ... okay on input line 1.
LaTeX Font Info:    Checking defaults for U/cmr/m/n on input line 1.
LaTeX Font Info:    ... okay on input line 1.


c:/Users/shaun/Desktop/Github/PiNerf/pinerf/docs/sources.tex:1: LaTeX Error: The font size command \normalsize is not defined:
               there is probably something wrong with the class file.

See the LaTeX manual or LaTeX Companion for explanation.
Type  H <return>  for immediate help.
 ...                                              
                                                  
l.1 \begin{document}
                    
Your command was ignored.
Type  I <command> <return>  to replace it with another command,
or  <return>  to continue without it.

c:/Users/shaun/Desktop/Github/PiNerf/pinerf/docs/sources.tex:4: Missing $ inserted.
<inserted text> 
                $
l.4 https://cdn.sparkfun.com/assets/learn_
                                          tutorials/6/7/6/PiZero_1.pdf
I've inserted a begin-math/end-math symbol since I think
you left one out. Proceed, with fingers crossed.

LaTeX Font Info:    External font `cmex10' loaded for size
(Font)              <7> on input line 4.
LaTeX Font Info:    External font `cmex10' loaded for size
(Font)              <5> on input line 4.
c:/Users/shaun/Desktop/Github/PiNerf/pinerf/docs/sources.tex:7: You can't use `macro parameter character #' in math mode.
l.7 ...eadthedocs.io/en/release-1.9/recipes1.html#
                                                  capturing-to-a-network-stream
Sorry, but I'm not programmed to handle this case;
I'll just pretend that you didn't ask for it.
If you're in the wrong mode, you might be able to
return to the right one by typing `I}' or `I$' or `I\par'.

c:/Users/shaun/Desktop/Github/PiNerf/pinerf/docs/sources.tex:8: Missing $ inserted.
<inserted text> 
                $
l.8 
    
I've inserted a begin-math/end-math symbol since I think
you left one out. Proceed, with fingers crossed.


c:/Users/shaun/Desktop/Github/PiNerf/pinerf/docs/sources.tex:10: LaTeX Error: The font size command \normalsize is not defined:
               there is probably something wrong with the class file.

See the LaTeX manual or LaTeX Companion for explanation.
Type  H <return>  for immediate help.
 ...                                              
                                                  
l.10 \end{document}
                   
Your command was ignored.
Type  I <command> <return>  to replace it with another command,
or  <return>  to continue without it.

[1{C:/Users/shaun/AppData/Local/MiKTeX/2.9/pdftex/config/pdftex.map}] (c:\Users\shaun\Desktop\Github\PiNerf\pinerf\docs\./build/sources.aux) ) 
Here is how much of TeX's memory you used:
 168 strings out of 481556
 4754 string characters out of 2913869
 237180 words of memory out of 3000000
 15503 multiletter control sequences out of 15000+200000
 532338 words of font info for 24 fonts, out of 3000000 for 9000
 1141 hyphenation exceptions out of 8191
 18i,4n,19p,178b,66s stack positions out of 5000i,500n,10000p,200000b,50000s
<C:/Users/shaun/AppData/Local/Programs/MiKTeX 2.9/fonts/type1/public/amsfonts/cm/cmmi10.pfb><C:/Users/shaun/AppData/Local/Programs/MiKTeX 2.9/fonts/type1/public/amsfonts/cm/cmmi7.pfb><C:/Users/shaun/AppData/Local/Programs/MiKTeX 2.9/fonts/type1/public/amsfonts/cm/cmr10.pfb><C:/Users/shaun/AppData/Local/Programs/MiKTeX 2.9/fonts/type1/public/amsfonts/cm/cmr7.pfb><C:/Users/shaun/AppData/Local/Programs/MiKTeX 2.9/fonts/type1/public/amsfonts/cm/cmsy10.pfb>
Output written on c:\Users\shaun\Desktop\Github\PiNerf\pinerf\docs\build\sources.pdf (1 page, 54430 bytes).
PDF statistics:
 26 PDF objects out of 1000 (max. 8388607)
 0 named destinations out of 1000 (max. 500000)
 1 words of extra memory for PDF output out of 10000 (max. 10000000)

